{"/Users/danielhernandez/Documents/DEV dh/RecoveryBox/server/controller.js": {"path":"/Users/danielhernandez/Documents/DEV dh/RecoveryBox/server/controller.js","statementMap":{"0":{"start":{"line":1,"column":14},"end":{"line":1,"column":35}},"1":{"start":{"line":2,"column":11},"end":{"line":2,"column":36}},"2":{"start":{"line":6,"column":2},"end":{"line":14,"column":3}},"3":{"start":{"line":7,"column":22},"end":{"line":7,"column":55}},"4":{"start":{"line":8,"column":16},"end":{"line":8,"column":68}},"5":{"start":{"line":8,"column":54},"end":{"line":8,"column":67}},"6":{"start":{"line":9,"column":4},"end":{"line":9,"column":20}},"7":{"start":{"line":10,"column":4},"end":{"line":10,"column":20}},"8":{"start":{"line":12,"column":4},"end":{"line":12,"column":28}},"9":{"start":{"line":13,"column":4},"end":{"line":13,"column":24}},"10":{"start":{"line":20,"column":4},"end":{"line":30,"column":3}},"11":{"start":{"line":21,"column":21},"end":{"line":21,"column":40}},"12":{"start":{"line":22,"column":17},"end":{"line":24,"column":24}},"13":{"start":{"line":25,"column":4},"end":{"line":25,"column":20}},"14":{"start":{"line":26,"column":4},"end":{"line":26,"column":19}},"15":{"start":{"line":28,"column":4},"end":{"line":28,"column":28}},"16":{"start":{"line":29,"column":4},"end":{"line":29,"column":24}},"17":{"start":{"line":34,"column":2},"end":{"line":42,"column":3}},"18":{"start":{"line":35,"column":19},"end":{"line":35,"column":32}},"19":{"start":{"line":36,"column":17},"end":{"line":36,"column":72}},"20":{"start":{"line":37,"column":4},"end":{"line":37,"column":20}},"21":{"start":{"line":38,"column":4},"end":{"line":38,"column":19}},"22":{"start":{"line":40,"column":4},"end":{"line":40,"column":28}},"23":{"start":{"line":41,"column":4},"end":{"line":41,"column":24}},"24":{"start":{"line":46,"column":15},"end":{"line":46,"column":23}},"25":{"start":{"line":47,"column":2},"end":{"line":85,"column":3}},"26":{"start":{"line":48,"column":17},"end":{"line":48,"column":26}},"27":{"start":{"line":49,"column":19},"end":{"line":49,"column":30}},"28":{"start":{"line":50,"column":22},"end":{"line":55,"column":6}},"29":{"start":{"line":56,"column":4},"end":{"line":81,"column":5}},"30":{"start":{"line":57,"column":22},"end":{"line":69,"column":8}},"31":{"start":{"line":70,"column":6},"end":{"line":70,"column":36}},"32":{"start":{"line":72,"column":22},"end":{"line":79,"column":8}},"33":{"start":{"line":80,"column":6},"end":{"line":80,"column":36}},"34":{"start":{"line":83,"column":4},"end":{"line":83,"column":28}},"35":{"start":{"line":84,"column":4},"end":{"line":84,"column":24}},"36":{"start":{"line":91,"column":15},"end":{"line":91,"column":23}},"37":{"start":{"line":92,"column":2},"end":{"line":105,"column":3}},"38":{"start":{"line":93,"column":20},"end":{"line":100,"column":6}},"39":{"start":{"line":101,"column":4},"end":{"line":101,"column":33}},"40":{"start":{"line":103,"column":4},"end":{"line":103,"column":28}},"41":{"start":{"line":104,"column":4},"end":{"line":104,"column":24}},"42":{"start":{"line":110,"column":15},"end":{"line":110,"column":23}},"43":{"start":{"line":111,"column":2},"end":{"line":149,"column":3}},"44":{"start":{"line":112,"column":17},"end":{"line":112,"column":26}},"45":{"start":{"line":113,"column":19},"end":{"line":113,"column":30}},"46":{"start":{"line":114,"column":22},"end":{"line":119,"column":6}},"47":{"start":{"line":120,"column":4},"end":{"line":145,"column":5}},"48":{"start":{"line":121,"column":22},"end":{"line":133,"column":8}},"49":{"start":{"line":134,"column":6},"end":{"line":134,"column":36}},"50":{"start":{"line":136,"column":22},"end":{"line":143,"column":8}},"51":{"start":{"line":144,"column":6},"end":{"line":144,"column":36}},"52":{"start":{"line":147,"column":4},"end":{"line":147,"column":28}},"53":{"start":{"line":148,"column":4},"end":{"line":148,"column":24}},"54":{"start":{"line":157,"column":0},"end":{"line":166,"column":2}}},"fnMap":{"0":{"name":"getQuote","decl":{"start":{"line":5,"column":15},"end":{"line":5,"column":23}},"loc":{"start":{"line":5,"column":35},"end":{"line":15,"column":1}},"line":5},"1":{"name":"(anonymous_1)","decl":{"start":{"line":8,"column":44},"end":{"line":8,"column":45}},"loc":{"start":{"line":8,"column":54},"end":{"line":8,"column":67}},"line":8},"2":{"name":"getUserInfo","decl":{"start":{"line":19,"column":15},"end":{"line":19,"column":26}},"loc":{"start":{"line":19,"column":38},"end":{"line":31,"column":1}},"line":19},"3":{"name":"getAllData","decl":{"start":{"line":33,"column":15},"end":{"line":33,"column":25}},"loc":{"start":{"line":33,"column":37},"end":{"line":43,"column":1}},"line":33},"4":{"name":"postDailyData","decl":{"start":{"line":45,"column":15},"end":{"line":45,"column":28}},"loc":{"start":{"line":45,"column":40},"end":{"line":86,"column":1}},"line":45},"5":{"name":"postUserInfo","decl":{"start":{"line":89,"column":15},"end":{"line":89,"column":27}},"loc":{"start":{"line":89,"column":39},"end":{"line":106,"column":1}},"line":89},"6":{"name":"postHistoricalData","decl":{"start":{"line":109,"column":15},"end":{"line":109,"column":33}},"loc":{"start":{"line":109,"column":45},"end":{"line":150,"column":1}},"line":109},"7":{"name":"getSettingsInfo","decl":{"start":{"line":153,"column":15},"end":{"line":153,"column":30}},"loc":{"start":{"line":153,"column":34},"end":{"line":153,"column":36}},"line":153},"8":{"name":"postSettingsInfo","decl":{"start":{"line":155,"column":15},"end":{"line":155,"column":31}},"loc":{"start":{"line":155,"column":35},"end":{"line":155,"column":37}},"line":155}},"branchMap":{"0":{"loc":{"start":{"line":56,"column":4},"end":{"line":81,"column":5}},"type":"if","locations":[{"start":{"line":56,"column":4},"end":{"line":81,"column":5}},{"start":{"line":56,"column":4},"end":{"line":81,"column":5}}],"line":56},"1":{"loc":{"start":{"line":120,"column":4},"end":{"line":145,"column":5}},"type":"if","locations":[{"start":{"line":120,"column":4},"end":{"line":145,"column":5}},{"start":{"line":120,"column":4},"end":{"line":145,"column":5}}],"line":120}},"s":{"0":1,"1":1,"2":0,"3":0,"4":0,"5":0,"6":0,"7":0,"8":0,"9":0,"10":1,"11":1,"12":1,"13":1,"14":1,"15":0,"16":0,"17":0,"18":0,"19":0,"20":0,"21":0,"22":0,"23":0,"24":0,"25":0,"26":0,"27":0,"28":0,"29":0,"30":0,"31":0,"32":0,"33":0,"34":0,"35":0,"36":0,"37":0,"38":0,"39":0,"40":0,"41":0,"42":0,"43":0,"44":0,"45":0,"46":0,"47":0,"48":0,"49":0,"50":0,"51":0,"52":0,"53":0,"54":1},"f":{"0":0,"1":0,"2":1,"3":0,"4":0,"5":0,"6":0,"7":0,"8":0},"b":{"0":[0,0],"1":[0,0]},"_coverageSchema":"1a1c01bbd47fc00a2c39e90264f33305004495a9","hash":"ce76948cdbd54eca5b3f95e8374a7227c919e6cc"}
,"/Users/danielhernandez/Documents/DEV dh/RecoveryBox/server/models/data.js": {"path":"/Users/danielhernandez/Documents/DEV dh/RecoveryBox/server/models/data.js","statementMap":{"0":{"start":{"line":1,"column":0},"end":{"line":33,"column":1}},"1":{"start":{"line":2,"column":15},"end":{"line":23,"column":4}},"2":{"start":{"line":25,"column":2},"end":{"line":30,"column":4}},"3":{"start":{"line":26,"column":4},"end":{"line":29,"column":6}},"4":{"start":{"line":32,"column":2},"end":{"line":32,"column":14}}},"fnMap":{"0":{"name":"(anonymous_0)","decl":{"start":{"line":1,"column":17},"end":{"line":1,"column":18}},"loc":{"start":{"line":1,"column":43},"end":{"line":33,"column":1}},"line":1},"1":{"name":"(anonymous_1)","decl":{"start":{"line":25,"column":19},"end":{"line":25,"column":20}},"loc":{"start":{"line":25,"column":25},"end":{"line":30,"column":3}},"line":25}},"branchMap":{},"s":{"0":1,"1":1,"2":1,"3":1,"4":1},"f":{"0":1,"1":1},"b":{},"_coverageSchema":"1a1c01bbd47fc00a2c39e90264f33305004495a9","hash":"a06a7e2e90dbfb4f7506569b420ad9276a2f8860"}
,"/Users/danielhernandez/Documents/DEV dh/RecoveryBox/server/models/index.js": {"path":"/Users/danielhernandez/Documents/DEV dh/RecoveryBox/server/models/index.js","statementMap":{"0":{"start":{"line":1,"column":11},"end":{"line":1,"column":24}},"1":{"start":{"line":2,"column":13},"end":{"line":2,"column":28}},"2":{"start":{"line":3,"column":18},"end":{"line":3,"column":38}},"3":{"start":{"line":4,"column":17},"end":{"line":4,"column":42}},"4":{"start":{"line":5,"column":11},"end":{"line":5,"column":13}},"5":{"start":{"line":6,"column":0},"end":{"line":6,"column":27}},"6":{"start":{"line":8,"column":18},"end":{"line":18,"column":2}},"7":{"start":{"line":20,"column":0},"end":{"line":28,"column":5}},"8":{"start":{"line":23,"column":4},"end":{"line":23,"column":90}},"9":{"start":{"line":26,"column":18},"end":{"line":26,"column":85}},"10":{"start":{"line":27,"column":4},"end":{"line":27,"column":27}},"11":{"start":{"line":30,"column":0},"end":{"line":34,"column":3}},"12":{"start":{"line":31,"column":2},"end":{"line":33,"column":3}},"13":{"start":{"line":32,"column":4},"end":{"line":32,"column":31}},"14":{"start":{"line":36,"column":0},"end":{"line":36,"column":25}},"15":{"start":{"line":37,"column":0},"end":{"line":37,"column":25}},"16":{"start":{"line":39,"column":0},"end":{"line":39,"column":20}}},"fnMap":{"0":{"name":"(anonymous_0)","decl":{"start":{"line":22,"column":10},"end":{"line":22,"column":11}},"loc":{"start":{"line":22,"column":18},"end":{"line":24,"column":3}},"line":22},"1":{"name":"(anonymous_1)","decl":{"start":{"line":25,"column":11},"end":{"line":25,"column":12}},"loc":{"start":{"line":25,"column":19},"end":{"line":28,"column":3}},"line":25},"2":{"name":"(anonymous_2)","decl":{"start":{"line":30,"column":24},"end":{"line":30,"column":25}},"loc":{"start":{"line":30,"column":37},"end":{"line":34,"column":1}},"line":30}},"branchMap":{"0":{"loc":{"start":{"line":23,"column":11},"end":{"line":23,"column":89}},"type":"binary-expr","locations":[{"start":{"line":23,"column":12},"end":{"line":23,"column":35}},{"start":{"line":23,"column":41},"end":{"line":23,"column":58}},{"start":{"line":23,"column":64},"end":{"line":23,"column":88}}],"line":23},"1":{"loc":{"start":{"line":31,"column":2},"end":{"line":33,"column":3}},"type":"if","locations":[{"start":{"line":31,"column":2},"end":{"line":33,"column":3}},{"start":{"line":31,"column":2},"end":{"line":33,"column":3}}],"line":31}},"s":{"0":1,"1":1,"2":1,"3":1,"4":1,"5":1,"6":1,"7":1,"8":3,"9":2,"10":2,"11":1,"12":2,"13":2,"14":1,"15":1,"16":1},"f":{"0":3,"1":2,"2":2},"b":{"0":[3,3,2],"1":[2,0]},"_coverageSchema":"1a1c01bbd47fc00a2c39e90264f33305004495a9","hash":"2715bb5490baa5311bc753ab110e4bd292d5994e"}
,"/Users/danielhernandez/Documents/DEV dh/RecoveryBox/server/models/user.js": {"path":"/Users/danielhernandez/Documents/DEV dh/RecoveryBox/server/models/user.js","statementMap":{"0":{"start":{"line":1,"column":0},"end":{"line":39,"column":2}},"1":{"start":{"line":2,"column":15},"end":{"line":32,"column":4}},"2":{"start":{"line":34,"column":2},"end":{"line":36,"column":4}},"3":{"start":{"line":35,"column":4},"end":{"line":35,"column":29}},"4":{"start":{"line":38,"column":2},"end":{"line":38,"column":14}}},"fnMap":{"0":{"name":"(anonymous_0)","decl":{"start":{"line":1,"column":17},"end":{"line":1,"column":18}},"loc":{"start":{"line":1,"column":43},"end":{"line":39,"column":1}},"line":1},"1":{"name":"(anonymous_1)","decl":{"start":{"line":34,"column":19},"end":{"line":34,"column":20}},"loc":{"start":{"line":34,"column":25},"end":{"line":36,"column":3}},"line":34}},"branchMap":{},"s":{"0":1,"1":1,"2":1,"3":1,"4":1},"f":{"0":1,"1":1},"b":{},"_coverageSchema":"1a1c01bbd47fc00a2c39e90264f33305004495a9","hash":"33d2c06036999bca09768617c90e55d8f4818769"}
,"/Users/danielhernandez/Documents/DEV dh/RecoveryBox/server/util/interceptor.js": {"path":"/Users/danielhernandez/Documents/DEV dh/RecoveryBox/server/util/interceptor.js","statementMap":{"0":{"start":{"line":7,"column":0},"end":{"line":24,"column":3}},"1":{"start":{"line":9,"column":18},"end":{"line":9,"column":20}},"2":{"start":{"line":10,"column":6},"end":{"line":10,"column":47}},"3":{"start":{"line":11,"column":6},"end":{"line":11,"column":49}},"4":{"start":{"line":12,"column":6},"end":{"line":12,"column":16}},"5":{"start":{"line":17,"column":18},"end":{"line":17,"column":20}},"6":{"start":{"line":18,"column":6},"end":{"line":18,"column":47}},"7":{"start":{"line":19,"column":6},"end":{"line":19,"column":49}},"8":{"start":{"line":20,"column":6},"end":{"line":20,"column":47}},"9":{"start":{"line":21,"column":6},"end":{"line":21,"column":16}}},"fnMap":{"0":{"name":"(anonymous_0)","decl":{"start":{"line":8,"column":17},"end":{"line":8,"column":18}},"loc":{"start":{"line":8,"column":23},"end":{"line":13,"column":5}},"line":8},"1":{"name":"(anonymous_1)","decl":{"start":{"line":16,"column":18},"end":{"line":16,"column":19}},"loc":{"start":{"line":16,"column":24},"end":{"line":22,"column":5}},"line":16}},"branchMap":{},"s":{"0":1,"1":1,"2":1,"3":1,"4":1,"5":1,"6":1,"7":1,"8":1,"9":1},"f":{"0":1,"1":1},"b":{},"_coverageSchema":"1a1c01bbd47fc00a2c39e90264f33305004495a9","hash":"d1ceaa1094eaefc59965de51f5ec112e6a6bfca0"}
}
