TN:
SF:controller.js
FN:5,getQuote
FN:8,(anonymous_1)
FN:19,getUserInfo
FN:33,getAllData
FN:45,postDailyData
FN:89,postUserInfo
FN:109,postHistoricalData
FN:153,getSettingsInfo
FN:155,postSettingsInfo
FNF:9
FNH:1
FNDA:0,getQuote
FNDA:0,(anonymous_1)
FNDA:1,getUserInfo
FNDA:0,getAllData
FNDA:0,postDailyData
FNDA:0,postUserInfo
FNDA:0,postHistoricalData
FNDA:0,getSettingsInfo
FNDA:0,postSettingsInfo
DA:1,1
DA:2,1
DA:6,0
DA:7,0
DA:8,0
DA:9,0
DA:10,0
DA:12,0
DA:13,0
DA:20,1
DA:21,1
DA:22,1
DA:25,1
DA:26,1
DA:28,0
DA:29,0
DA:34,0
DA:35,0
DA:36,0
DA:37,0
DA:38,0
DA:40,0
DA:41,0
DA:46,0
DA:47,0
DA:48,0
DA:49,0
DA:50,0
DA:56,0
DA:57,0
DA:70,0
DA:72,0
DA:80,0
DA:83,0
DA:84,0
DA:91,0
DA:92,0
DA:93,0
DA:101,0
DA:103,0
DA:104,0
DA:110,0
DA:111,0
DA:112,0
DA:113,0
DA:114,0
DA:120,0
DA:121,0
DA:134,0
DA:136,0
DA:144,0
DA:147,0
DA:148,0
DA:157,1
LF:54
LH:8
BRDA:56,0,0,0
BRDA:56,0,1,0
BRDA:120,1,0,0
BRDA:120,1,1,0
BRF:4
BRH:0
end_of_record
TN:
SF:models/data.js
FN:1,(anonymous_0)
FN:25,(anonymous_1)
FNF:2
FNH:2
FNDA:1,(anonymous_0)
FNDA:1,(anonymous_1)
DA:1,1
DA:2,1
DA:25,1
DA:26,1
DA:32,1
LF:5
LH:5
BRF:0
BRH:0
end_of_record
TN:
SF:models/index.js
FN:22,(anonymous_0)
FN:25,(anonymous_1)
FN:30,(anonymous_2)
FNF:3
FNH:3
FNDA:3,(anonymous_0)
FNDA:2,(anonymous_1)
FNDA:2,(anonymous_2)
DA:1,1
DA:2,1
DA:3,1
DA:4,1
DA:5,1
DA:6,1
DA:8,1
DA:20,1
DA:23,3
DA:26,2
DA:27,2
DA:30,1
DA:31,2
DA:32,2
DA:36,1
DA:37,1
DA:39,1
LF:17
LH:17
BRDA:23,0,0,3
BRDA:23,0,1,3
BRDA:23,0,2,2
BRDA:31,1,0,2
BRDA:31,1,1,0
BRF:5
BRH:4
end_of_record
TN:
SF:models/user.js
FN:1,(anonymous_0)
FN:34,(anonymous_1)
FNF:2
FNH:2
FNDA:1,(anonymous_0)
FNDA:1,(anonymous_1)
DA:1,1
DA:2,1
DA:34,1
DA:35,1
DA:38,1
LF:5
LH:5
BRF:0
BRH:0
end_of_record
TN:
SF:util/interceptor.js
FN:8,(anonymous_0)
FN:16,(anonymous_1)
FNF:2
FNH:2
FNDA:1,(anonymous_0)
FNDA:1,(anonymous_1)
DA:7,1
DA:9,1
DA:10,1
DA:11,1
DA:12,1
DA:17,1
DA:18,1
DA:19,1
DA:20,1
DA:21,1
LF:10
LH:10
BRF:0
BRH:0
end_of_record
