{"/Users/danielhernandez/Documents/DEV dh/RecoveryBox/client/ApiService.js": {"path":"/Users/danielhernandez/Documents/DEV dh/RecoveryBox/client/ApiService.js","statementMap":{"0":{"start":{"line":5,"column":17},"end":{"line":5,"column":58}},"1":{"start":{"line":8,"column":2},"end":{"line":12,"column":6}},"2":{"start":{"line":9,"column":17},"end":{"line":9,"column":68}},"3":{"start":{"line":11,"column":6},"end":{"line":11,"column":48}},"4":{"start":{"line":23,"column":2},"end":{"line":23,"column":36}},"5":{"start":{"line":27,"column":2},"end":{"line":31,"column":4}},"6":{"start":{"line":35,"column":2},"end":{"line":37,"column":4}},"7":{"start":{"line":41,"column":2},"end":{"line":45,"column":4}}},"fnMap":{"0":{"name":"fetchRequest","decl":{"start":{"line":7,"column":9},"end":{"line":7,"column":21}},"loc":{"start":{"line":7,"column":38},"end":{"line":13,"column":1}},"line":7},"1":{"name":"(anonymous_1)","decl":{"start":{"line":9,"column":10},"end":{"line":9,"column":11}},"loc":{"start":{"line":9,"column":17},"end":{"line":9,"column":68}},"line":9},"2":{"name":"(anonymous_2)","decl":{"start":{"line":10,"column":11},"end":{"line":10,"column":12}},"loc":{"start":{"line":10,"column":20},"end":{"line":12,"column":5}},"line":10},"3":{"name":"getQuote","decl":{"start":{"line":22,"column":9},"end":{"line":22,"column":17}},"loc":{"start":{"line":22,"column":21},"end":{"line":24,"column":1}},"line":22},"4":{"name":"postDailyData","decl":{"start":{"line":26,"column":9},"end":{"line":26,"column":22}},"loc":{"start":{"line":26,"column":30},"end":{"line":32,"column":1}},"line":26},"5":{"name":"getUserInfo","decl":{"start":{"line":34,"column":9},"end":{"line":34,"column":20}},"loc":{"start":{"line":34,"column":32},"end":{"line":38,"column":1}},"line":34},"6":{"name":"postHistoricalData","decl":{"start":{"line":40,"column":9},"end":{"line":40,"column":27}},"loc":{"start":{"line":40,"column":35},"end":{"line":46,"column":1}},"line":40},"7":{"name":"updateHistoricalData","decl":{"start":{"line":48,"column":9},"end":{"line":48,"column":29}},"loc":{"start":{"line":48,"column":37},"end":{"line":50,"column":1}},"line":48}},"branchMap":{"0":{"loc":{"start":{"line":9,"column":17},"end":{"line":9,"column":68}},"type":"cond-expr","locations":[{"start":{"line":9,"column":36},"end":{"line":9,"column":46}},{"start":{"line":9,"column":49},"end":{"line":9,"column":68}}],"line":9}},"s":{"0":1,"1":0,"2":0,"3":0,"4":0,"5":0,"6":0,"7":0},"f":{"0":0,"1":0,"2":0,"3":0,"4":0,"5":0,"6":0,"7":0},"b":{"0":[0,0]},"_coverageSchema":"1a1c01bbd47fc00a2c39e90264f33305004495a9","hash":"f4dad0598dfea1ff229434a80a99e625142bfcb0"}
,"/Users/danielhernandez/Documents/DEV dh/RecoveryBox/client/assets/happy.png": {"path":"/Users/danielhernandez/Documents/DEV dh/RecoveryBox/client/assets/happy.png","statementMap":{"0":{"start":{"line":1,"column":0},"end":{"line":4,"column":6}}},"fnMap":{},"branchMap":{},"s":{"0":1},"f":{},"b":{},"inputSourceMap":null,"_coverageSchema":"1a1c01bbd47fc00a2c39e90264f33305004495a9","hash":"e6e7cda329d09ca4790d3a75c9e434f907dd2636"}
,"/Users/danielhernandez/Documents/DEV dh/RecoveryBox/client/assets/neutral.png": {"path":"/Users/danielhernandez/Documents/DEV dh/RecoveryBox/client/assets/neutral.png","statementMap":{"0":{"start":{"line":1,"column":0},"end":{"line":4,"column":6}}},"fnMap":{},"branchMap":{},"s":{"0":1},"f":{},"b":{},"inputSourceMap":null,"_coverageSchema":"1a1c01bbd47fc00a2c39e90264f33305004495a9","hash":"8ac1b5456762eef9a0848beebdcc826f0c0dfea6"}
,"/Users/danielhernandez/Documents/DEV dh/RecoveryBox/client/assets/sad.png": {"path":"/Users/danielhernandez/Documents/DEV dh/RecoveryBox/client/assets/sad.png","statementMap":{"0":{"start":{"line":1,"column":0},"end":{"line":4,"column":6}}},"fnMap":{},"branchMap":{},"s":{"0":1},"f":{},"b":{},"inputSourceMap":null,"_coverageSchema":"1a1c01bbd47fc00a2c39e90264f33305004495a9","hash":"b9da3e641d620d4b6fd942920cbe19081ec3eb8b"}
,"/Users/danielhernandez/Documents/DEV dh/RecoveryBox/client/components/Divider.js": {"path":"/Users/danielhernandez/Documents/DEV dh/RecoveryBox/client/components/Divider.js","statementMap":{"0":{"start":{"line":8,"column":2},"end":{"line":11,"column":4}},"1":{"start":{"line":14,"column":15},"end":{"line":21,"column":2}}},"fnMap":{"0":{"name":"Divider","decl":{"start":{"line":6,"column":9},"end":{"line":6,"column":16}},"loc":{"start":{"line":6,"column":20},"end":{"line":12,"column":1}},"line":6}},"branchMap":{},"s":{"0":1,"1":1},"f":{"0":1},"b":{},"_coverageSchema":"1a1c01bbd47fc00a2c39e90264f33305004495a9","hash":"a06ce506c513369c8ea3d73b505947dc2536ba97"}
,"/Users/danielhernandez/Documents/DEV dh/RecoveryBox/client/components/Feeling.js": {"path":"/Users/danielhernandez/Documents/DEV dh/RecoveryBox/client/components/Feeling.js","statementMap":{"0":{"start":{"line":12,"column":19},"end":{"line":12,"column":32}},"1":{"start":{"line":13,"column":40},"end":{"line":13,"column":55}},"2":{"start":{"line":14,"column":32},"end":{"line":14,"column":79}},"3":{"start":{"line":14,"column":55},"end":{"line":14,"column":78}},"4":{"start":{"line":16,"column":4},"end":{"line":19,"column":6}},"5":{"start":{"line":23,"column":4},"end":{"line":31,"column":5}},"6":{"start":{"line":24,"column":6},"end":{"line":24,"column":251}},"7":{"start":{"line":25,"column":11},"end":{"line":31,"column":5}},"8":{"start":{"line":26,"column":6},"end":{"line":26,"column":251}},"9":{"start":{"line":27,"column":11},"end":{"line":31,"column":5}},"10":{"start":{"line":28,"column":6},"end":{"line":28,"column":251}},"11":{"start":{"line":30,"column":6},"end":{"line":30,"column":11}},"12":{"start":{"line":34,"column":2},"end":{"line":64,"column":4}},"13":{"start":{"line":49,"column":34},"end":{"line":49,"column":55}},"14":{"start":{"line":50,"column":38},"end":{"line":50,"column":67}},"15":{"start":{"line":67,"column":15},"end":{"line":99,"column":2}}},"fnMap":{"0":{"name":"Feeling","decl":{"start":{"line":10,"column":9},"end":{"line":10,"column":16}},"loc":{"start":{"line":10,"column":20},"end":{"line":65,"column":1}},"line":10},"1":{"name":"(anonymous_1)","decl":{"start":{"line":14,"column":44},"end":{"line":14,"column":45}},"loc":{"start":{"line":14,"column":55},"end":{"line":14,"column":78}},"line":14},"2":{"name":"handleSliderCompletion","decl":{"start":{"line":15,"column":11},"end":{"line":15,"column":33}},"loc":{"start":{"line":15,"column":40},"end":{"line":20,"column":3}},"line":15},"3":{"name":"handleSliderTouch","decl":{"start":{"line":22,"column":11},"end":{"line":22,"column":28}},"loc":{"start":{"line":22,"column":37},"end":{"line":32,"column":3}},"line":22},"4":{"name":"(anonymous_4)","decl":{"start":{"line":49,"column":25},"end":{"line":49,"column":26}},"loc":{"start":{"line":49,"column":34},"end":{"line":49,"column":55}},"line":49},"5":{"name":"(anonymous_5)","decl":{"start":{"line":50,"column":29},"end":{"line":50,"column":30}},"loc":{"start":{"line":50,"column":38},"end":{"line":50,"column":67}},"line":50}},"branchMap":{"0":{"loc":{"start":{"line":23,"column":4},"end":{"line":31,"column":5}},"type":"if","locations":[{"start":{"line":23,"column":4},"end":{"line":31,"column":5}},{"start":{"line":23,"column":4},"end":{"line":31,"column":5}}],"line":23},"1":{"loc":{"start":{"line":23,"column":8},"end":{"line":23,"column":35}},"type":"binary-expr","locations":[{"start":{"line":23,"column":8},"end":{"line":23,"column":22}},{"start":{"line":23,"column":26},"end":{"line":23,"column":35}}],"line":23},"2":{"loc":{"start":{"line":25,"column":11},"end":{"line":31,"column":5}},"type":"if","locations":[{"start":{"line":25,"column":11},"end":{"line":31,"column":5}},{"start":{"line":25,"column":11},"end":{"line":31,"column":5}}],"line":25},"3":{"loc":{"start":{"line":27,"column":11},"end":{"line":31,"column":5}},"type":"if","locations":[{"start":{"line":27,"column":11},"end":{"line":31,"column":5}},{"start":{"line":27,"column":11},"end":{"line":31,"column":5}}],"line":27}},"s":{"0":1,"1":1,"2":1,"3":2,"4":0,"5":1,"6":0,"7":1,"8":1,"9":0,"10":0,"11":0,"12":1,"13":0,"14":0,"15":1},"f":{"0":1,"1":2,"2":0,"3":1,"4":0,"5":0},"b":{"0":[0,1],"1":[1,0],"2":[1,0],"3":[0,0]},"_coverageSchema":"1a1c01bbd47fc00a2c39e90264f33305004495a9","hash":"372c9ee171c759de871d54912f6ff1044a1e9642"}
,"/Users/danielhernandez/Documents/DEV dh/RecoveryBox/client/components/Login.js": {"path":"/Users/danielhernandez/Documents/DEV dh/RecoveryBox/client/components/Login.js","statementMap":{"0":{"start":{"line":14,"column":19},"end":{"line":14,"column":32}},"1":{"start":{"line":16,"column":44},"end":{"line":16,"column":97}},"2":{"start":{"line":16,"column":76},"end":{"line":16,"column":95}},"3":{"start":{"line":17,"column":44},"end":{"line":17,"column":97}},"4":{"start":{"line":17,"column":76},"end":{"line":17,"column":95}},"5":{"start":{"line":18,"column":32},"end":{"line":18,"column":47}},"6":{"start":{"line":20,"column":24},"end":{"line":28,"column":3}},"7":{"start":{"line":21,"column":4},"end":{"line":27,"column":5}},"8":{"start":{"line":22,"column":6},"end":{"line":22,"column":46}},"9":{"start":{"line":23,"column":6},"end":{"line":24,"column":37}},"10":{"start":{"line":26,"column":6},"end":{"line":26,"column":23}},"11":{"start":{"line":31,"column":4},"end":{"line":59,"column":6}},"12":{"start":{"line":33,"column":27},"end":{"line":40,"column":7}},"13":{"start":{"line":41,"column":6},"end":{"line":49,"column":7}},"14":{"start":{"line":42,"column":8},"end":{"line":42,"column":31}},"15":{"start":{"line":43,"column":25},"end":{"line":43,"column":58}},"16":{"start":{"line":45,"column":8},"end":{"line":45,"column":65}},"17":{"start":{"line":45,"column":31},"end":{"line":45,"column":65}},"18":{"start":{"line":46,"column":8},"end":{"line":46,"column":51}},"19":{"start":{"line":46,"column":36},"end":{"line":46,"column":51}},"20":{"start":{"line":47,"column":8},"end":{"line":47,"column":28}},"21":{"start":{"line":48,"column":8},"end":{"line":48,"column":43}},"22":{"start":{"line":50,"column":37},"end":{"line":50,"column":49}},"23":{"start":{"line":51,"column":6},"end":{"line":54,"column":8}},"24":{"start":{"line":55,"column":6},"end":{"line":58,"column":8}},"25":{"start":{"line":62,"column":2},"end":{"line":97,"column":4}},"26":{"start":{"line":69,"column":32},"end":{"line":69,"column":54}},"27":{"start":{"line":81,"column":32},"end":{"line":81,"column":54}},"28":{"start":{"line":85,"column":61},"end":{"line":85,"column":76}},"29":{"start":{"line":100,"column":15},"end":{"line":143,"column":2}}},"fnMap":{"0":{"name":"LoginScreen","decl":{"start":{"line":10,"column":9},"end":{"line":10,"column":20}},"loc":{"start":{"line":10,"column":38},"end":{"line":98,"column":1}},"line":10},"1":{"name":"(anonymous_1)","decl":{"start":{"line":16,"column":65},"end":{"line":16,"column":66}},"loc":{"start":{"line":16,"column":76},"end":{"line":16,"column":95}},"line":16},"2":{"name":"(anonymous_2)","decl":{"start":{"line":17,"column":65},"end":{"line":17,"column":66}},"loc":{"start":{"line":17,"column":76},"end":{"line":17,"column":95}},"line":17},"3":{"name":"(anonymous_3)","decl":{"start":{"line":20,"column":24},"end":{"line":20,"column":25}},"loc":{"start":{"line":20,"column":36},"end":{"line":28,"column":3}},"line":20},"4":{"name":"receiveInfoandData","decl":{"start":{"line":30,"column":11},"end":{"line":30,"column":29}},"loc":{"start":{"line":30,"column":41},"end":{"line":60,"column":3}},"line":30},"5":{"name":"(anonymous_5)","decl":{"start":{"line":32,"column":10},"end":{"line":32,"column":11}},"loc":{"start":{"line":32,"column":18},"end":{"line":59,"column":5}},"line":32},"6":{"name":"(anonymous_6)","decl":{"start":{"line":69,"column":24},"end":{"line":69,"column":25}},"loc":{"start":{"line":69,"column":32},"end":{"line":69,"column":54}},"line":69},"7":{"name":"(anonymous_7)","decl":{"start":{"line":81,"column":24},"end":{"line":81,"column":25}},"loc":{"start":{"line":81,"column":32},"end":{"line":81,"column":54}},"line":81},"8":{"name":"(anonymous_8)","decl":{"start":{"line":85,"column":55},"end":{"line":85,"column":56}},"loc":{"start":{"line":85,"column":61},"end":{"line":85,"column":76}},"line":85}},"branchMap":{"0":{"loc":{"start":{"line":21,"column":4},"end":{"line":27,"column":5}},"type":"if","locations":[{"start":{"line":21,"column":4},"end":{"line":27,"column":5}},{"start":{"line":21,"column":4},"end":{"line":27,"column":5}}],"line":21},"1":{"loc":{"start":{"line":21,"column":8},"end":{"line":21,"column":38}},"type":"binary-expr","locations":[{"start":{"line":21,"column":8},"end":{"line":21,"column":21}},{"start":{"line":21,"column":25},"end":{"line":21,"column":38}}],"line":21},"2":{"loc":{"start":{"line":45,"column":8},"end":{"line":45,"column":65}},"type":"if","locations":[{"start":{"line":45,"column":8},"end":{"line":45,"column":65}},{"start":{"line":45,"column":8},"end":{"line":45,"column":65}}],"line":45},"3":{"loc":{"start":{"line":46,"column":8},"end":{"line":46,"column":51}},"type":"if","locations":[{"start":{"line":46,"column":8},"end":{"line":46,"column":51}},{"start":{"line":46,"column":8},"end":{"line":46,"column":51}}],"line":46},"4":{"loc":{"start":{"line":68,"column":18},"end":{"line":68,"column":52}},"type":"cond-expr","locations":[{"start":{"line":68,"column":34},"end":{"line":68,"column":47}},{"start":{"line":68,"column":50},"end":{"line":68,"column":52}}],"line":68},"5":{"loc":{"start":{"line":78,"column":18},"end":{"line":78,"column":52}},"type":"cond-expr","locations":[{"start":{"line":78,"column":34},"end":{"line":78,"column":47}},{"start":{"line":78,"column":50},"end":{"line":78,"column":52}}],"line":78},"6":{"loc":{"start":{"line":93,"column":10},"end":{"line":93,"column":82}},"type":"cond-expr","locations":[{"start":{"line":93,"column":20},"end":{"line":93,"column":75}},{"start":{"line":93,"column":78},"end":{"line":93,"column":82}}],"line":93}},"s":{"0":1,"1":1,"2":2,"3":1,"4":2,"5":1,"6":1,"7":0,"8":0,"9":0,"10":0,"11":0,"12":0,"13":0,"14":0,"15":0,"16":0,"17":0,"18":0,"19":0,"20":0,"21":0,"22":0,"23":0,"24":0,"25":1,"26":0,"27":0,"28":0,"29":1},"f":{"0":1,"1":2,"2":2,"3":0,"4":0,"5":0,"6":0,"7":0,"8":0},"b":{"0":[0,0],"1":[0,0],"2":[0,0],"3":[0,0],"4":[0,1],"5":[1,0],"6":[0,1]},"_coverageSchema":"1a1c01bbd47fc00a2c39e90264f33305004495a9","hash":"616ce3694d6702d8851f473c1647e6e6b421da2d"}
,"/Users/danielhernandez/Documents/DEV dh/RecoveryBox/client/components/ModifySuggestionItem.js": {"path":"/Users/danielhernandez/Documents/DEV dh/RecoveryBox/client/components/ModifySuggestionItem.js","statementMap":{"0":{"start":{"line":9,"column":25},"end":{"line":9,"column":98}},"1":{"start":{"line":9,"column":48},"end":{"line":9,"column":97}},"2":{"start":{"line":11,"column":2},"end":{"line":19,"column":4}},"3":{"start":{"line":14,"column":39},"end":{"line":14,"column":68}},"4":{"start":{"line":22,"column":15},"end":{"line":54,"column":2}}},"fnMap":{"0":{"name":"ModifySuggestionItem","decl":{"start":{"line":7,"column":9},"end":{"line":7,"column":29}},"loc":{"start":{"line":7,"column":58},"end":{"line":20,"column":1}},"line":7},"1":{"name":"(anonymous_1)","decl":{"start":{"line":9,"column":37},"end":{"line":9,"column":38}},"loc":{"start":{"line":9,"column":48},"end":{"line":9,"column":97}},"line":9},"2":{"name":"(anonymous_2)","decl":{"start":{"line":14,"column":33},"end":{"line":14,"column":34}},"loc":{"start":{"line":14,"column":39},"end":{"line":14,"column":68}},"line":14}},"branchMap":{"0":{"loc":{"start":{"line":13,"column":19},"end":{"line":13,"column":79}},"type":"cond-expr","locations":[{"start":{"line":13,"column":30},"end":{"line":13,"column":52}},{"start":{"line":13,"column":55},"end":{"line":13,"column":79}}],"line":13}},"s":{"0":1,"1":2,"2":1,"3":0,"4":1},"f":{"0":1,"1":2,"2":0},"b":{"0":[0,1]},"_coverageSchema":"1a1c01bbd47fc00a2c39e90264f33305004495a9","hash":"23dc2743c14e7a380bc33586b4d72dde5a2331ec"}
,"/Users/danielhernandez/Documents/DEV dh/RecoveryBox/client/config/api/config.js": {"path":"/Users/danielhernandez/Documents/DEV dh/RecoveryBox/client/config/api/config.js","statementMap":{"0":{"start":{"line":1,"column":15},"end":{"line":4,"column":1}}},"fnMap":{},"branchMap":{},"s":{"0":1},"f":{},"b":{},"_coverageSchema":"1a1c01bbd47fc00a2c39e90264f33305004495a9","hash":"14c8c935c5e1a2b747d46983a847c3ada774f0b7"}
,"/Users/danielhernandez/Documents/DEV dh/RecoveryBox/client/redux/dailyInfoReducer.js": {"path":"/Users/danielhernandez/Documents/DEV dh/RecoveryBox/client/redux/dailyInfoReducer.js","statementMap":{"0":{"start":{"line":1,"column":21},"end":{"line":6,"column":1}},"1":{"start":{"line":8,"column":25},"end":{"line":43,"column":1}},"2":{"start":{"line":9,"column":2},"end":{"line":42,"column":4}},"3":{"start":{"line":11,"column":6},"end":{"line":14,"column":7}},"4":{"start":{"line":16,"column":6},"end":{"line":19,"column":7}},"5":{"start":{"line":21,"column":6},"end":{"line":24,"column":7}},"6":{"start":{"line":26,"column":6},"end":{"line":29,"column":7}},"7":{"start":{"line":31,"column":4},"end":{"line":34,"column":5}},"8":{"start":{"line":33,"column":56},"end":{"line":33,"column":83}},"9":{"start":{"line":36,"column":4},"end":{"line":39,"column":5}},"10":{"start":{"line":41,"column":6},"end":{"line":41,"column":19}}},"fnMap":{"0":{"name":"(anonymous_0)","decl":{"start":{"line":8,"column":25},"end":{"line":8,"column":26}},"loc":{"start":{"line":8,"column":59},"end":{"line":43,"column":1}},"line":8},"1":{"name":"(anonymous_1)","decl":{"start":{"line":33,"column":44},"end":{"line":33,"column":45}},"loc":{"start":{"line":33,"column":56},"end":{"line":33,"column":83}},"line":33}},"branchMap":{"0":{"loc":{"start":{"line":8,"column":26},"end":{"line":8,"column":46}},"type":"default-arg","locations":[{"start":{"line":8,"column":34},"end":{"line":8,"column":46}}],"line":8},"1":{"loc":{"start":{"line":9,"column":2},"end":{"line":42,"column":4}},"type":"switch","locations":[{"start":{"line":10,"column":4},"end":{"line":14,"column":7}},{"start":{"line":15,"column":4},"end":{"line":19,"column":7}},{"start":{"line":20,"column":4},"end":{"line":24,"column":7}},{"start":{"line":25,"column":4},"end":{"line":29,"column":7}},{"start":{"line":30,"column":4},"end":{"line":34,"column":5}},{"start":{"line":35,"column":4},"end":{"line":39,"column":5}},{"start":{"line":40,"column":4},"end":{"line":41,"column":19}}],"line":9}},"s":{"0":1,"1":1,"2":1,"3":0,"4":0,"5":0,"6":0,"7":0,"8":0,"9":0,"10":1},"f":{"0":1,"1":0},"b":{"0":[0],"1":[0,0,0,0,0,0,1]},"_coverageSchema":"1a1c01bbd47fc00a2c39e90264f33305004495a9","hash":"a699f8e8c40c463b77072e49979a9ede97b5fc0f"}
,"/Users/danielhernandez/Documents/DEV dh/RecoveryBox/client/redux/settingsReducer.js": {"path":"/Users/danielhernandez/Documents/DEV dh/RecoveryBox/client/redux/settingsReducer.js","statementMap":{"0":{"start":{"line":1,"column":21},"end":{"line":9,"column":1}},"1":{"start":{"line":11,"column":24},"end":{"line":32,"column":1}},"2":{"start":{"line":12,"column":2},"end":{"line":31,"column":4}},"3":{"start":{"line":14,"column":6},"end":{"line":20,"column":7}},"4":{"start":{"line":22,"column":6},"end":{"line":28,"column":7}},"5":{"start":{"line":26,"column":87},"end":{"line":26,"column":114}},"6":{"start":{"line":30,"column":6},"end":{"line":30,"column":19}}},"fnMap":{"0":{"name":"(anonymous_0)","decl":{"start":{"line":11,"column":24},"end":{"line":11,"column":25}},"loc":{"start":{"line":11,"column":58},"end":{"line":32,"column":1}},"line":11},"1":{"name":"(anonymous_1)","decl":{"start":{"line":26,"column":75},"end":{"line":26,"column":76}},"loc":{"start":{"line":26,"column":87},"end":{"line":26,"column":114}},"line":26}},"branchMap":{"0":{"loc":{"start":{"line":11,"column":25},"end":{"line":11,"column":45}},"type":"default-arg","locations":[{"start":{"line":11,"column":33},"end":{"line":11,"column":45}}],"line":11},"1":{"loc":{"start":{"line":12,"column":2},"end":{"line":31,"column":4}},"type":"switch","locations":[{"start":{"line":13,"column":4},"end":{"line":20,"column":7}},{"start":{"line":21,"column":4},"end":{"line":28,"column":7}},{"start":{"line":29,"column":4},"end":{"line":30,"column":19}}],"line":12}},"s":{"0":1,"1":1,"2":1,"3":0,"4":0,"5":0,"6":1},"f":{"0":1,"1":0},"b":{"0":[0],"1":[0,0,1]},"_coverageSchema":"1a1c01bbd47fc00a2c39e90264f33305004495a9","hash":"28e709eff8627d6b17dab256d298c79be16cba86"}
,"/Users/danielhernandez/Documents/DEV dh/RecoveryBox/client/redux/userReducer.js": {"path":"/Users/danielhernandez/Documents/DEV dh/RecoveryBox/client/redux/userReducer.js","statementMap":{"0":{"start":{"line":1,"column":21},"end":{"line":9,"column":1}},"1":{"start":{"line":11,"column":20},"end":{"line":31,"column":1}},"2":{"start":{"line":12,"column":2},"end":{"line":30,"column":3}},"3":{"start":{"line":14,"column":6},"end":{"line":17,"column":7}},"4":{"start":{"line":19,"column":6},"end":{"line":27,"column":7}},"5":{"start":{"line":29,"column":6},"end":{"line":29,"column":19}}},"fnMap":{"0":{"name":"(anonymous_0)","decl":{"start":{"line":11,"column":20},"end":{"line":11,"column":21}},"loc":{"start":{"line":11,"column":54},"end":{"line":31,"column":1}},"line":11}},"branchMap":{"0":{"loc":{"start":{"line":11,"column":21},"end":{"line":11,"column":41}},"type":"default-arg","locations":[{"start":{"line":11,"column":29},"end":{"line":11,"column":41}}],"line":11},"1":{"loc":{"start":{"line":12,"column":2},"end":{"line":30,"column":3}},"type":"switch","locations":[{"start":{"line":13,"column":4},"end":{"line":17,"column":7}},{"start":{"line":18,"column":4},"end":{"line":27,"column":7}},{"start":{"line":28,"column":4},"end":{"line":29,"column":19}}],"line":12}},"s":{"0":1,"1":1,"2":1,"3":0,"4":0,"5":1},"f":{"0":1},"b":{"0":[0],"1":[0,0,1]},"_coverageSchema":"1a1c01bbd47fc00a2c39e90264f33305004495a9","hash":"7acfd84bab7e151a3ed8d014dc1c5d58173820d0"}
,"/Users/danielhernandez/Documents/DEV dh/RecoveryBox/client/styles/colors.js": {"path":"/Users/danielhernandez/Documents/DEV dh/RecoveryBox/client/styles/colors.js","statementMap":{},"fnMap":{},"branchMap":{},"s":{},"f":{},"b":{},"_coverageSchema":"1a1c01bbd47fc00a2c39e90264f33305004495a9","hash":"e2f0d37e0dff36cfcdbbe5f33b9d49fe604c71c0"}
,"/Users/danielhernandez/Documents/DEV dh/RecoveryBox/client/styles/text.js": {"path":"/Users/danielhernandez/Documents/DEV dh/RecoveryBox/client/styles/text.js","statementMap":{"0":{"start":{"line":5,"column":30},"end":{"line":11,"column":1}},"1":{"start":{"line":13,"column":31},"end":{"line":13,"column":66}},"2":{"start":{"line":15,"column":27},"end":{"line":27,"column":1}},"3":{"start":{"line":16,"column":2},"end":{"line":26,"column":13}},"4":{"start":{"line":18,"column":26},"end":{"line":20,"column":22}},"5":{"start":{"line":22,"column":6},"end":{"line":24,"column":8}},"6":{"start":{"line":29,"column":32},"end":{"line":35,"column":1}},"7":{"start":{"line":37,"column":21},"end":{"line":37,"column":58}},"8":{"start":{"line":39,"column":29},"end":{"line":51,"column":1}},"9":{"start":{"line":40,"column":2},"end":{"line":50,"column":26}},"10":{"start":{"line":42,"column":26},"end":{"line":44,"column":22}},"11":{"start":{"line":46,"column":6},"end":{"line":48,"column":8}}},"fnMap":{"0":{"name":"(anonymous_0)","decl":{"start":{"line":15,"column":27},"end":{"line":15,"column":28}},"loc":{"start":{"line":16,"column":2},"end":{"line":26,"column":13}},"line":16},"1":{"name":"(anonymous_1)","decl":{"start":{"line":17,"column":5},"end":{"line":17,"column":6}},"loc":{"start":{"line":17,"column":23},"end":{"line":25,"column":5}},"line":17},"2":{"name":"(anonymous_2)","decl":{"start":{"line":39,"column":29},"end":{"line":39,"column":30}},"loc":{"start":{"line":40,"column":2},"end":{"line":50,"column":26}},"line":40},"3":{"name":"(anonymous_3)","decl":{"start":{"line":41,"column":5},"end":{"line":41,"column":6}},"loc":{"start":{"line":41,"column":23},"end":{"line":49,"column":5}},"line":41}},"branchMap":{"0":{"loc":{"start":{"line":18,"column":26},"end":{"line":20,"column":22}},"type":"cond-expr","locations":[{"start":{"line":19,"column":10},"end":{"line":19,"column":37}},{"start":{"line":20,"column":10},"end":{"line":20,"column":22}}],"line":18},"1":{"loc":{"start":{"line":42,"column":26},"end":{"line":44,"column":22}},"type":"cond-expr","locations":[{"start":{"line":43,"column":10},"end":{"line":43,"column":37}},{"start":{"line":44,"column":10},"end":{"line":44,"column":22}}],"line":42}},"s":{"0":3,"1":3,"2":3,"3":2,"4":2,"5":2,"6":3,"7":3,"8":3,"9":3,"10":3,"11":3},"f":{"0":2,"1":2,"2":3,"3":3},"b":{"0":[2,0],"1":[2,1]},"_coverageSchema":"1a1c01bbd47fc00a2c39e90264f33305004495a9","hash":"e02d20eede457e8d120c17e2b0eb8d465e97e241"}
}
