TN:
SF:ApiService.js
FN:7,fetchRequest
FN:9,(anonymous_1)
FN:10,(anonymous_2)
FN:22,getQuote
FN:26,postDailyData
FN:34,getUserInfo
FN:40,postHistoricalData
FN:48,updateHistoricalData
FNF:8
FNH:0
FNDA:0,fetchRequest
FNDA:0,(anonymous_1)
FNDA:0,(anonymous_2)
FNDA:0,getQuote
FNDA:0,postDailyData
FNDA:0,getUserInfo
FNDA:0,postHistoricalData
FNDA:0,updateHistoricalData
DA:5,1
DA:8,0
DA:9,0
DA:11,0
DA:23,0
DA:27,0
DA:35,0
DA:41,0
LF:8
LH:1
BRDA:9,0,0,0
BRDA:9,0,1,0
BRF:2
BRH:0
end_of_record
TN:
SF:assets/happy.png
FNF:0
FNH:0
DA:1,1
LF:1
LH:1
BRF:0
BRH:0
end_of_record
TN:
SF:assets/neutral.png
FNF:0
FNH:0
DA:1,1
LF:1
LH:1
BRF:0
BRH:0
end_of_record
TN:
SF:assets/sad.png
FNF:0
FNH:0
DA:1,1
LF:1
LH:1
BRF:0
BRH:0
end_of_record
TN:
SF:components/Divider.js
FN:6,Divider
FNF:1
FNH:1
FNDA:1,Divider
DA:8,1
DA:14,1
LF:2
LH:2
BRF:0
BRH:0
end_of_record
TN:
SF:components/Feeling.js
FN:10,Feeling
FN:14,(anonymous_1)
FN:15,handleSliderCompletion
FN:22,handleSliderTouch
FN:49,(anonymous_4)
FN:50,(anonymous_5)
FNF:6
FNH:3
FNDA:1,Feeling
FNDA:2,(anonymous_1)
FNDA:0,handleSliderCompletion
FNDA:1,handleSliderTouch
FNDA:0,(anonymous_4)
FNDA:0,(anonymous_5)
DA:12,1
DA:13,1
DA:14,2
DA:16,0
DA:23,1
DA:24,0
DA:25,1
DA:26,1
DA:27,0
DA:28,0
DA:30,0
DA:34,1
DA:49,0
DA:50,0
DA:67,1
LF:15
LH:8
BRDA:23,0,0,0
BRDA:23,0,1,1
BRDA:23,1,0,1
BRDA:23,1,1,0
BRDA:25,2,0,1
BRDA:25,2,1,0
BRDA:27,3,0,0
BRDA:27,3,1,0
BRF:8
BRH:3
end_of_record
TN:
SF:components/Login.js
FN:10,LoginScreen
FN:16,(anonymous_1)
FN:17,(anonymous_2)
FN:20,(anonymous_3)
FN:30,receiveInfoandData
FN:32,(anonymous_5)
FN:69,(anonymous_6)
FN:81,(anonymous_7)
FN:85,(anonymous_8)
FNF:9
FNH:3
FNDA:1,LoginScreen
FNDA:2,(anonymous_1)
FNDA:2,(anonymous_2)
FNDA:0,(anonymous_3)
FNDA:0,receiveInfoandData
FNDA:0,(anonymous_5)
FNDA:0,(anonymous_6)
FNDA:0,(anonymous_7)
FNDA:0,(anonymous_8)
DA:14,1
DA:16,2
DA:17,2
DA:18,1
DA:20,1
DA:21,0
DA:22,0
DA:23,0
DA:26,0
DA:31,0
DA:33,0
DA:41,0
DA:42,0
DA:43,0
DA:45,0
DA:46,0
DA:47,0
DA:48,0
DA:50,0
DA:51,0
DA:55,0
DA:62,1
DA:69,0
DA:81,0
DA:85,0
DA:100,1
LF:26
LH:7
BRDA:21,0,0,0
BRDA:21,0,1,0
BRDA:21,1,0,0
BRDA:21,1,1,0
BRDA:45,2,0,0
BRDA:45,2,1,0
BRDA:46,3,0,0
BRDA:46,3,1,0
BRDA:68,4,0,0
BRDA:68,4,1,1
BRDA:78,5,0,1
BRDA:78,5,1,0
BRDA:93,6,0,0
BRDA:93,6,1,1
BRF:14
BRH:3
end_of_record
TN:
SF:components/ModifySuggestionItem.js
FN:7,ModifySuggestionItem
FN:9,(anonymous_1)
FN:14,(anonymous_2)
FNF:3
FNH:2
FNDA:1,ModifySuggestionItem
FNDA:2,(anonymous_1)
FNDA:0,(anonymous_2)
DA:9,2
DA:11,1
DA:14,0
DA:22,1
LF:4
LH:3
BRDA:13,0,0,0
BRDA:13,0,1,1
BRF:2
BRH:1
end_of_record
TN:
SF:config/api/config.js
FNF:0
FNH:0
DA:1,1
LF:1
LH:1
BRF:0
BRH:0
end_of_record
TN:
SF:redux/dailyInfoReducer.js
FN:8,(anonymous_0)
FN:33,(anonymous_1)
FNF:2
FNH:1
FNDA:1,(anonymous_0)
FNDA:0,(anonymous_1)
DA:1,1
DA:8,1
DA:9,1
DA:11,0
DA:16,0
DA:21,0
DA:26,0
DA:31,0
DA:33,0
DA:36,0
DA:41,1
LF:11
LH:4
BRDA:8,0,0,0
BRDA:9,1,0,0
BRDA:9,1,1,0
BRDA:9,1,2,0
BRDA:9,1,3,0
BRDA:9,1,4,0
BRDA:9,1,5,0
BRDA:9,1,6,1
BRF:8
BRH:1
end_of_record
TN:
SF:redux/settingsReducer.js
FN:11,(anonymous_0)
FN:26,(anonymous_1)
FNF:2
FNH:1
FNDA:1,(anonymous_0)
FNDA:0,(anonymous_1)
DA:1,1
DA:11,1
DA:12,1
DA:14,0
DA:22,0
DA:26,0
DA:30,1
LF:7
LH:4
BRDA:11,0,0,0
BRDA:12,1,0,0
BRDA:12,1,1,0
BRDA:12,1,2,1
BRF:4
BRH:1
end_of_record
TN:
SF:redux/userReducer.js
FN:11,(anonymous_0)
FNF:1
FNH:1
FNDA:1,(anonymous_0)
DA:1,1
DA:11,1
DA:12,1
DA:14,0
DA:19,0
DA:29,1
LF:6
LH:4
BRDA:11,0,0,0
BRDA:12,1,0,0
BRDA:12,1,1,0
BRDA:12,1,2,1
BRF:4
BRH:1
end_of_record
TN:
SF:styles/colors.js
FNF:0
FNH:0
LF:0
LH:0
BRF:0
BRH:0
end_of_record
TN:
SF:styles/text.js
FN:15,(anonymous_0)
FN:17,(anonymous_1)
FN:39,(anonymous_2)
FN:41,(anonymous_3)
FNF:4
FNH:4
FNDA:2,(anonymous_0)
FNDA:2,(anonymous_1)
FNDA:3,(anonymous_2)
FNDA:3,(anonymous_3)
DA:5,3
DA:13,3
DA:15,3
DA:16,2
DA:18,2
DA:22,2
DA:29,3
DA:37,3
DA:39,3
DA:40,3
DA:42,3
DA:46,3
LF:12
LH:12
BRDA:18,0,0,2
BRDA:18,0,1,0
BRDA:42,1,0,2
BRDA:42,1,1,1
BRF:4
BRH:3
end_of_record
